<?xml version="1.0" encoding="UTF-8"?>
<testsuite xmlns:xsi="http://www.w3.org/2001/XMLSchema-instance" xsi:noNamespaceSchemaLocation="https://maven.apache.org/surefire/maven-surefire-plugin/xsd/surefire-test-report.xsd" name="com.mycompany.dropwizard.AppTest" time="0.026" tests="1" errors="0" skipped="0" failures="0">
  <properties>
    <property name="sun.desktop" value="gnome"/>
    <property name="awt.toolkit" value="sun.awt.X11.XToolkit"/>
    <property name="java.specification.version" value="11"/>
    <property name="sun.cpu.isalist" value=""/>
    <property name="sun.jnu.encoding" value="UTF-8"/>
    <property name="java.class.path" value="/home/matteus/Workspace/studies/dropwizard-api/target/test-classes:/home/matteus/Workspace/studies/dropwizard-api/target/classes:/home/matteus/.m2/repository/junit/junit/4.11/junit-4.11.jar:/home/matteus/.m2/repository/org/hamcrest/hamcrest-core/1.3/hamcrest-core-1.3.jar:/home/matteus/.m2/repository/io/dropwizard/dropwizard-core/2.0.13/dropwizard-core-2.0.13.jar:/home/matteus/.m2/repository/io/dropwizard/dropwizard-util/2.0.13/dropwizard-util-2.0.13.jar:/home/matteus/.m2/repository/com/google/guava/guava/29.0-jre/guava-29.0-jre.jar:/home/matteus/.m2/repository/com/google/guava/failureaccess/1.0.1/failureaccess-1.0.1.jar:/home/matteus/.m2/repository/com/google/guava/listenablefuture/9999.0-empty-to-avoid-conflict-with-guava/listenablefuture-9999.0-empty-to-avoid-conflict-with-guava.jar:/home/matteus/.m2/repository/org/checkerframework/checker-qual/2.11.1/checker-qual-2.11.1.jar:/home/matteus/.m2/repository/com/google/errorprone/error_prone_annotations/2.3.4/error_prone_annotations-2.3.4.jar:/home/matteus/.m2/repository/com/google/j2objc/j2objc-annotations/1.3/j2objc-annotations-1.3.jar:/home/matteus/.m2/repository/io/dropwizard/dropwizard-jackson/2.0.13/dropwizard-jackson-2.0.13.jar:/home/matteus/.m2/repository/com/github/ben-manes/caffeine/caffeine/2.8.5/caffeine-2.8.5.jar:/home/matteus/.m2/repository/com/fasterxml/jackson/core/jackson-core/2.10.5/jackson-core-2.10.5.jar:/home/matteus/.m2/repository/com/fasterxml/jackson/datatype/jackson-datatype-guava/2.10.5/jackson-datatype-guava-2.10.5.jar:/home/matteus/.m2/repository/com/fasterxml/jackson/datatype/jackson-datatype-jsr310/2.10.5/jackson-datatype-jsr310-2.10.5.jar:/home/matteus/.m2/repository/com/fasterxml/jackson/datatype/jackson-datatype-jdk8/2.10.5/jackson-datatype-jdk8-2.10.5.jar:/home/matteus/.m2/repository/com/fasterxml/jackson/module/jackson-module-parameter-names/2.10.5/jackson-module-parameter-names-2.10.5.jar:/home/matteus/.m2/repository/com/fasterxml/jackson/module/jackson-module-afterburner/2.10.5/jackson-module-afterburner-2.10.5.jar:/home/matteus/.m2/repository/com/fasterxml/jackson/datatype/jackson-datatype-joda/2.10.5/jackson-datatype-joda-2.10.5.jar:/home/matteus/.m2/repository/io/dropwizard/dropwizard-validation/2.0.13/dropwizard-validation-2.0.13.jar:/home/matteus/.m2/repository/com/fasterxml/classmate/1.5.1/classmate-1.5.1.jar:/home/matteus/.m2/repository/org/glassfish/jakarta.el/3.0.3/jakarta.el-3.0.3.jar:/home/matteus/.m2/repository/io/dropwizard/dropwizard-configuration/2.0.13/dropwizard-configuration-2.0.13.jar:/home/matteus/.m2/repository/com/fasterxml/jackson/dataformat/jackson-dataformat-yaml/2.10.5/jackson-dataformat-yaml-2.10.5.jar:/home/matteus/.m2/repository/org/yaml/snakeyaml/1.26/snakeyaml-1.26.jar:/home/matteus/.m2/repository/org/apache/commons/commons-text/1.9/commons-text-1.9.jar:/home/matteus/.m2/repository/io/dropwizard/dropwizard-logging/2.0.13/dropwizard-logging-2.0.13.jar:/home/matteus/.m2/repository/io/dropwizard/metrics/metrics-logback/4.1.12.1/metrics-logback-4.1.12.1.jar:/home/matteus/.m2/repository/org/apache/commons/commons-lang3/3.11/commons-lang3-3.11.jar:/home/matteus/.m2/repository/org/slf4j/jul-to-slf4j/1.7.30/jul-to-slf4j-1.7.30.jar:/home/matteus/.m2/repository/ch/qos/logback/logback-core/1.2.3/logback-core-1.2.3.jar:/home/matteus/.m2/repository/io/dropwizard/logback/logback-throttling-appender/1.1.0/logback-throttling-appender-1.1.0.jar:/home/matteus/.m2/repository/org/slf4j/log4j-over-slf4j/1.7.30/log4j-over-slf4j-1.7.30.jar:/home/matteus/.m2/repository/org/slf4j/jcl-over-slf4j/1.7.30/jcl-over-slf4j-1.7.30.jar:/home/matteus/.m2/repository/io/dropwizard/dropwizard-metrics/2.0.13/dropwizard-metrics-2.0.13.jar:/home/matteus/.m2/repository/io/dropwizard/dropwizard-jersey/2.0.13/dropwizard-jersey-2.0.13.jar:/home/matteus/.m2/repository/org/glassfish/jersey/core/jersey-server/2.31/jersey-server-2.31.jar:/home/matteus/.m2/repository/org/glassfish/jersey/media/jersey-media-jaxb/2.31/jersey-media-jaxb-2.31.jar:/home/matteus/.m2/repository/jakarta/xml/bind/jakarta.xml.bind-api/2.3.3/jakarta.xml.bind-api-2.3.3.jar:/home/matteus/.m2/repository/jakarta/activation/jakarta.activation-api/1.2.2/jakarta.activation-api-1.2.2.jar:/home/matteus/.m2/repository/org/glassfish/jersey/ext/jersey-metainf-services/2.31/jersey-metainf-services-2.31.jar:/home/matteus/.m2/repository/org/glassfish/jersey/inject/jersey-hk2/2.31/jersey-hk2-2.31.jar:/home/matteus/.m2/repository/org/glassfish/hk2/hk2-locator/2.6.1/hk2-locator-2.6.1.jar:/home/matteus/.m2/repository/org/javassist/javassist/3.27.0-GA/javassist-3.27.0-GA.jar:/home/matteus/.m2/repository/io/dropwizard/metrics/metrics-jersey2/4.1.12.1/metrics-jersey2-4.1.12.1.jar:/home/matteus/.m2/repository/com/fasterxml/jackson/jaxrs/jackson-jaxrs-json-provider/2.10.5/jackson-jaxrs-json-provider-2.10.5.jar:/home/matteus/.m2/repository/com/fasterxml/jackson/jaxrs/jackson-jaxrs-base/2.10.5/jackson-jaxrs-base-2.10.5.jar:/home/matteus/.m2/repository/com/fasterxml/jackson/module/jackson-module-jaxb-annotations/2.10.5/jackson-module-jaxb-annotations-2.10.5.jar:/home/matteus/.m2/repository/jakarta/annotation/jakarta.annotation-api/1.3.5/jakarta.annotation-api-1.3.5.jar:/home/matteus/.m2/repository/joda-time/joda-time/2.10.6/joda-time-2.10.6.jar:/home/matteus/.m2/repository/org/glassfish/hk2/hk2-api/2.6.1/hk2-api-2.6.1.jar:/home/matteus/.m2/repository/org/glassfish/hk2/hk2-utils/2.6.1/hk2-utils-2.6.1.jar:/home/matteus/.m2/repository/org/glassfish/hk2/external/aopalliance-repackaged/2.6.1/aopalliance-repackaged-2.6.1.jar:/home/matteus/.m2/repository/org/glassfish/jersey/containers/jersey-container-servlet/2.31/jersey-container-servlet-2.31.jar:/home/matteus/.m2/repository/org/glassfish/jersey/containers/jersey-container-servlet-core/2.31/jersey-container-servlet-core-2.31.jar:/home/matteus/.m2/repository/org/glassfish/jersey/core/jersey-client/2.31/jersey-client-2.31.jar:/home/matteus/.m2/repository/org/eclipse/jetty/jetty-io/9.4.31.v20200723/jetty-io-9.4.31.v20200723.jar:/home/matteus/.m2/repository/io/dropwizard/dropwizard-servlets/2.0.13/dropwizard-servlets-2.0.13.jar:/home/matteus/.m2/repository/io/dropwizard/metrics/metrics-annotation/4.1.12.1/metrics-annotation-4.1.12.1.jar:/home/matteus/.m2/repository/io/dropwizard/dropwizard-jetty/2.0.13/dropwizard-jetty-2.0.13.jar:/home/matteus/.m2/repository/org/eclipse/jetty/jetty-servlets/9.4.31.v20200723/jetty-servlets-9.4.31.v20200723.jar:/home/matteus/.m2/repository/org/eclipse/jetty/jetty-continuation/9.4.31.v20200723/jetty-continuation-9.4.31.v20200723.jar:/home/matteus/.m2/repository/org/eclipse/jetty/jetty-http/9.4.31.v20200723/jetty-http-9.4.31.v20200723.jar:/home/matteus/.m2/repository/io/dropwizard/dropwizard-lifecycle/2.0.13/dropwizard-lifecycle-2.0.13.jar:/home/matteus/.m2/repository/io/dropwizard/metrics/metrics-core/4.1.12.1/metrics-core-4.1.12.1.jar:/home/matteus/.m2/repository/io/dropwizard/metrics/metrics-jetty9/4.1.12.1/metrics-jetty9-4.1.12.1.jar:/home/matteus/.m2/repository/io/dropwizard/metrics/metrics-jvm/4.1.12.1/metrics-jvm-4.1.12.1.jar:/home/matteus/.m2/repository/io/dropwizard/metrics/metrics-jmx/4.1.12.1/metrics-jmx-4.1.12.1.jar:/home/matteus/.m2/repository/io/dropwizard/metrics/metrics-servlets/4.1.12.1/metrics-servlets-4.1.12.1.jar:/home/matteus/.m2/repository/io/dropwizard/metrics/metrics-json/4.1.12.1/metrics-json-4.1.12.1.jar:/home/matteus/.m2/repository/com/helger/profiler/1.1.1/profiler-1.1.1.jar:/home/matteus/.m2/repository/io/dropwizard/metrics/metrics-healthchecks/4.1.12.1/metrics-healthchecks-4.1.12.1.jar:/home/matteus/.m2/repository/io/dropwizard/dropwizard-request-logging/2.0.13/dropwizard-request-logging-2.0.13.jar:/home/matteus/.m2/repository/ch/qos/logback/logback-access/1.2.3/logback-access-1.2.3.jar:/home/matteus/.m2/repository/ch/qos/logback/logback-classic/1.2.3/logback-classic-1.2.3.jar:/home/matteus/.m2/repository/com/fasterxml/jackson/core/jackson-annotations/2.10.5/jackson-annotations-2.10.5.jar:/home/matteus/.m2/repository/com/fasterxml/jackson/core/jackson-databind/2.10.5/jackson-databind-2.10.5.jar:/home/matteus/.m2/repository/com/google/code/findbugs/jsr305/3.0.2/jsr305-3.0.2.jar:/home/matteus/.m2/repository/jakarta/servlet/jakarta.servlet-api/4.0.4/jakarta.servlet-api-4.0.4.jar:/home/matteus/.m2/repository/jakarta/validation/jakarta.validation-api/2.0.2/jakarta.validation-api-2.0.2.jar:/home/matteus/.m2/repository/jakarta/ws/rs/jakarta.ws.rs-api/2.1.6/jakarta.ws.rs-api-2.1.6.jar:/home/matteus/.m2/repository/net/sourceforge/argparse4j/argparse4j/0.8.1/argparse4j-0.8.1.jar:/home/matteus/.m2/repository/org/eclipse/jetty/jetty-security/9.4.31.v20200723/jetty-security-9.4.31.v20200723.jar:/home/matteus/.m2/repository/org/eclipse/jetty/jetty-server/9.4.31.v20200723/jetty-server-9.4.31.v20200723.jar:/home/matteus/.m2/repository/org/eclipse/jetty/jetty-servlet/9.4.31.v20200723/jetty-servlet-9.4.31.v20200723.jar:/home/matteus/.m2/repository/org/eclipse/jetty/jetty-util/9.4.31.v20200723/jetty-util-9.4.31.v20200723.jar:/home/matteus/.m2/repository/org/eclipse/jetty/toolchain/setuid/jetty-setuid-java/1.0.4/jetty-setuid-java-1.0.4.jar:/home/matteus/.m2/repository/org/glassfish/hk2/external/jakarta.inject/2.6.1/jakarta.inject-2.6.1.jar:/home/matteus/.m2/repository/org/glassfish/jersey/core/jersey-common/2.31/jersey-common-2.31.jar:/home/matteus/.m2/repository/org/glassfish/hk2/osgi-resource-locator/1.0.3/osgi-resource-locator-1.0.3.jar:/home/matteus/.m2/repository/com/sun/activation/jakarta.activation/1.2.2/jakarta.activation-1.2.2.jar:/home/matteus/.m2/repository/org/glassfish/jersey/ext/jersey-bean-validation/2.31/jersey-bean-validation-2.31.jar:/home/matteus/.m2/repository/org/hibernate/validator/hibernate-validator/6.1.5.Final/hibernate-validator-6.1.5.Final.jar:/home/matteus/.m2/repository/org/jboss/logging/jboss-logging/3.3.2.Final/jboss-logging-3.3.2.Final.jar:/home/matteus/.m2/repository/org/slf4j/slf4j-api/1.7.30/slf4j-api-1.7.30.jar:"/>
    <property name="java.vm.vendor" value="Ubuntu"/>
    <property name="sun.arch.data.model" value="64"/>
    <property name="java.vendor.url" value="https://ubuntu.com/"/>
    <property name="user.timezone" value=""/>
    <property name="user.country.format" value="BR"/>
    <property name="java.vm.specification.version" value="11"/>
    <property name="os.name" value="Linux"/>
    <property name="sun.java.launcher" value="SUN_STANDARD"/>
    <property name="user.country" value="US"/>
    <property name="sun.boot.library.path" value="/usr/lib/jvm/java-11-openjdk-amd64/lib"/>
    <property name="sun.java.command" value="/home/matteus/Workspace/studies/dropwizard-api/target/surefire/surefirebooter10732102510369761168.jar /home/matteus/Workspace/studies/dropwizard-api/target/surefire 2020-09-08T15-21-53_391-jvmRun1 surefire156579625069470894tmp surefire_08608082569642201696tmp"/>
    <property name="jdk.debug" value="release"/>
    <property name="surefire.test.class.path" value="/home/matteus/Workspace/studies/dropwizard-api/target/test-classes:/home/matteus/Workspace/studies/dropwizard-api/target/classes:/home/matteus/.m2/repository/junit/junit/4.11/junit-4.11.jar:/home/matteus/.m2/repository/org/hamcrest/hamcrest-core/1.3/hamcrest-core-1.3.jar:/home/matteus/.m2/repository/io/dropwizard/dropwizard-core/2.0.13/dropwizard-core-2.0.13.jar:/home/matteus/.m2/repository/io/dropwizard/dropwizard-util/2.0.13/dropwizard-util-2.0.13.jar:/home/matteus/.m2/repository/com/google/guava/guava/29.0-jre/guava-29.0-jre.jar:/home/matteus/.m2/repository/com/google/guava/failureaccess/1.0.1/failureaccess-1.0.1.jar:/home/matteus/.m2/repository/com/google/guava/listenablefuture/9999.0-empty-to-avoid-conflict-with-guava/listenablefuture-9999.0-empty-to-avoid-conflict-with-guava.jar:/home/matteus/.m2/repository/org/checkerframework/checker-qual/2.11.1/checker-qual-2.11.1.jar:/home/matteus/.m2/repository/com/google/errorprone/error_prone_annotations/2.3.4/error_prone_annotations-2.3.4.jar:/home/matteus/.m2/repository/com/google/j2objc/j2objc-annotations/1.3/j2objc-annotations-1.3.jar:/home/matteus/.m2/repository/io/dropwizard/dropwizard-jackson/2.0.13/dropwizard-jackson-2.0.13.jar:/home/matteus/.m2/repository/com/github/ben-manes/caffeine/caffeine/2.8.5/caffeine-2.8.5.jar:/home/matteus/.m2/repository/com/fasterxml/jackson/core/jackson-core/2.10.5/jackson-core-2.10.5.jar:/home/matteus/.m2/repository/com/fasterxml/jackson/datatype/jackson-datatype-guava/2.10.5/jackson-datatype-guava-2.10.5.jar:/home/matteus/.m2/repository/com/fasterxml/jackson/datatype/jackson-datatype-jsr310/2.10.5/jackson-datatype-jsr310-2.10.5.jar:/home/matteus/.m2/repository/com/fasterxml/jackson/datatype/jackson-datatype-jdk8/2.10.5/jackson-datatype-jdk8-2.10.5.jar:/home/matteus/.m2/repository/com/fasterxml/jackson/module/jackson-module-parameter-names/2.10.5/jackson-module-parameter-names-2.10.5.jar:/home/matteus/.m2/repository/com/fasterxml/jackson/module/jackson-module-afterburner/2.10.5/jackson-module-afterburner-2.10.5.jar:/home/matteus/.m2/repository/com/fasterxml/jackson/datatype/jackson-datatype-joda/2.10.5/jackson-datatype-joda-2.10.5.jar:/home/matteus/.m2/repository/io/dropwizard/dropwizard-validation/2.0.13/dropwizard-validation-2.0.13.jar:/home/matteus/.m2/repository/com/fasterxml/classmate/1.5.1/classmate-1.5.1.jar:/home/matteus/.m2/repository/org/glassfish/jakarta.el/3.0.3/jakarta.el-3.0.3.jar:/home/matteus/.m2/repository/io/dropwizard/dropwizard-configuration/2.0.13/dropwizard-configuration-2.0.13.jar:/home/matteus/.m2/repository/com/fasterxml/jackson/dataformat/jackson-dataformat-yaml/2.10.5/jackson-dataformat-yaml-2.10.5.jar:/home/matteus/.m2/repository/org/yaml/snakeyaml/1.26/snakeyaml-1.26.jar:/home/matteus/.m2/repository/org/apache/commons/commons-text/1.9/commons-text-1.9.jar:/home/matteus/.m2/repository/io/dropwizard/dropwizard-logging/2.0.13/dropwizard-logging-2.0.13.jar:/home/matteus/.m2/repository/io/dropwizard/metrics/metrics-logback/4.1.12.1/metrics-logback-4.1.12.1.jar:/home/matteus/.m2/repository/org/apache/commons/commons-lang3/3.11/commons-lang3-3.11.jar:/home/matteus/.m2/repository/org/slf4j/jul-to-slf4j/1.7.30/jul-to-slf4j-1.7.30.jar:/home/matteus/.m2/repository/ch/qos/logback/logback-core/1.2.3/logback-core-1.2.3.jar:/home/matteus/.m2/repository/io/dropwizard/logback/logback-throttling-appender/1.1.0/logback-throttling-appender-1.1.0.jar:/home/matteus/.m2/repository/org/slf4j/log4j-over-slf4j/1.7.30/log4j-over-slf4j-1.7.30.jar:/home/matteus/.m2/repository/org/slf4j/jcl-over-slf4j/1.7.30/jcl-over-slf4j-1.7.30.jar:/home/matteus/.m2/repository/io/dropwizard/dropwizard-metrics/2.0.13/dropwizard-metrics-2.0.13.jar:/home/matteus/.m2/repository/io/dropwizard/dropwizard-jersey/2.0.13/dropwizard-jersey-2.0.13.jar:/home/matteus/.m2/repository/org/glassfish/jersey/core/jersey-server/2.31/jersey-server-2.31.jar:/home/matteus/.m2/repository/org/glassfish/jersey/media/jersey-media-jaxb/2.31/jersey-media-jaxb-2.31.jar:/home/matteus/.m2/repository/jakarta/xml/bind/jakarta.xml.bind-api/2.3.3/jakarta.xml.bind-api-2.3.3.jar:/home/matteus/.m2/repository/jakarta/activation/jakarta.activation-api/1.2.2/jakarta.activation-api-1.2.2.jar:/home/matteus/.m2/repository/org/glassfish/jersey/ext/jersey-metainf-services/2.31/jersey-metainf-services-2.31.jar:/home/matteus/.m2/repository/org/glassfish/jersey/inject/jersey-hk2/2.31/jersey-hk2-2.31.jar:/home/matteus/.m2/repository/org/glassfish/hk2/hk2-locator/2.6.1/hk2-locator-2.6.1.jar:/home/matteus/.m2/repository/org/javassist/javassist/3.27.0-GA/javassist-3.27.0-GA.jar:/home/matteus/.m2/repository/io/dropwizard/metrics/metrics-jersey2/4.1.12.1/metrics-jersey2-4.1.12.1.jar:/home/matteus/.m2/repository/com/fasterxml/jackson/jaxrs/jackson-jaxrs-json-provider/2.10.5/jackson-jaxrs-json-provider-2.10.5.jar:/home/matteus/.m2/repository/com/fasterxml/jackson/jaxrs/jackson-jaxrs-base/2.10.5/jackson-jaxrs-base-2.10.5.jar:/home/matteus/.m2/repository/com/fasterxml/jackson/module/jackson-module-jaxb-annotations/2.10.5/jackson-module-jaxb-annotations-2.10.5.jar:/home/matteus/.m2/repository/jakarta/annotation/jakarta.annotation-api/1.3.5/jakarta.annotation-api-1.3.5.jar:/home/matteus/.m2/repository/joda-time/joda-time/2.10.6/joda-time-2.10.6.jar:/home/matteus/.m2/repository/org/glassfish/hk2/hk2-api/2.6.1/hk2-api-2.6.1.jar:/home/matteus/.m2/repository/org/glassfish/hk2/hk2-utils/2.6.1/hk2-utils-2.6.1.jar:/home/matteus/.m2/repository/org/glassfish/hk2/external/aopalliance-repackaged/2.6.1/aopalliance-repackaged-2.6.1.jar:/home/matteus/.m2/repository/org/glassfish/jersey/containers/jersey-container-servlet/2.31/jersey-container-servlet-2.31.jar:/home/matteus/.m2/repository/org/glassfish/jersey/containers/jersey-container-servlet-core/2.31/jersey-container-servlet-core-2.31.jar:/home/matteus/.m2/repository/org/glassfish/jersey/core/jersey-client/2.31/jersey-client-2.31.jar:/home/matteus/.m2/repository/org/eclipse/jetty/jetty-io/9.4.31.v20200723/jetty-io-9.4.31.v20200723.jar:/home/matteus/.m2/repository/io/dropwizard/dropwizard-servlets/2.0.13/dropwizard-servlets-2.0.13.jar:/home/matteus/.m2/repository/io/dropwizard/metrics/metrics-annotation/4.1.12.1/metrics-annotation-4.1.12.1.jar:/home/matteus/.m2/repository/io/dropwizard/dropwizard-jetty/2.0.13/dropwizard-jetty-2.0.13.jar:/home/matteus/.m2/repository/org/eclipse/jetty/jetty-servlets/9.4.31.v20200723/jetty-servlets-9.4.31.v20200723.jar:/home/matteus/.m2/repository/org/eclipse/jetty/jetty-continuation/9.4.31.v20200723/jetty-continuation-9.4.31.v20200723.jar:/home/matteus/.m2/repository/org/eclipse/jetty/jetty-http/9.4.31.v20200723/jetty-http-9.4.31.v20200723.jar:/home/matteus/.m2/repository/io/dropwizard/dropwizard-lifecycle/2.0.13/dropwizard-lifecycle-2.0.13.jar:/home/matteus/.m2/repository/io/dropwizard/metrics/metrics-core/4.1.12.1/metrics-core-4.1.12.1.jar:/home/matteus/.m2/repository/io/dropwizard/metrics/metrics-jetty9/4.1.12.1/metrics-jetty9-4.1.12.1.jar:/home/matteus/.m2/repository/io/dropwizard/metrics/metrics-jvm/4.1.12.1/metrics-jvm-4.1.12.1.jar:/home/matteus/.m2/repository/io/dropwizard/metrics/metrics-jmx/4.1.12.1/metrics-jmx-4.1.12.1.jar:/home/matteus/.m2/repository/io/dropwizard/metrics/metrics-servlets/4.1.12.1/metrics-servlets-4.1.12.1.jar:/home/matteus/.m2/repository/io/dropwizard/metrics/metrics-json/4.1.12.1/metrics-json-4.1.12.1.jar:/home/matteus/.m2/repository/com/helger/profiler/1.1.1/profiler-1.1.1.jar:/home/matteus/.m2/repository/io/dropwizard/metrics/metrics-healthchecks/4.1.12.1/metrics-healthchecks-4.1.12.1.jar:/home/matteus/.m2/repository/io/dropwizard/dropwizard-request-logging/2.0.13/dropwizard-request-logging-2.0.13.jar:/home/matteus/.m2/repository/ch/qos/logback/logback-access/1.2.3/logback-access-1.2.3.jar:/home/matteus/.m2/repository/ch/qos/logback/logback-classic/1.2.3/logback-classic-1.2.3.jar:/home/matteus/.m2/repository/com/fasterxml/jackson/core/jackson-annotations/2.10.5/jackson-annotations-2.10.5.jar:/home/matteus/.m2/repository/com/fasterxml/jackson/core/jackson-databind/2.10.5/jackson-databind-2.10.5.jar:/home/matteus/.m2/repository/com/google/code/findbugs/jsr305/3.0.2/jsr305-3.0.2.jar:/home/matteus/.m2/repository/jakarta/servlet/jakarta.servlet-api/4.0.4/jakarta.servlet-api-4.0.4.jar:/home/matteus/.m2/repository/jakarta/validation/jakarta.validation-api/2.0.2/jakarta.validation-api-2.0.2.jar:/home/matteus/.m2/repository/jakarta/ws/rs/jakarta.ws.rs-api/2.1.6/jakarta.ws.rs-api-2.1.6.jar:/home/matteus/.m2/repository/net/sourceforge/argparse4j/argparse4j/0.8.1/argparse4j-0.8.1.jar:/home/matteus/.m2/repository/org/eclipse/jetty/jetty-security/9.4.31.v20200723/jetty-security-9.4.31.v20200723.jar:/home/matteus/.m2/repository/org/eclipse/jetty/jetty-server/9.4.31.v20200723/jetty-server-9.4.31.v20200723.jar:/home/matteus/.m2/repository/org/eclipse/jetty/jetty-servlet/9.4.31.v20200723/jetty-servlet-9.4.31.v20200723.jar:/home/matteus/.m2/repository/org/eclipse/jetty/jetty-util/9.4.31.v20200723/jetty-util-9.4.31.v20200723.jar:/home/matteus/.m2/repository/org/eclipse/jetty/toolchain/setuid/jetty-setuid-java/1.0.4/jetty-setuid-java-1.0.4.jar:/home/matteus/.m2/repository/org/glassfish/hk2/external/jakarta.inject/2.6.1/jakarta.inject-2.6.1.jar:/home/matteus/.m2/repository/org/glassfish/jersey/core/jersey-common/2.31/jersey-common-2.31.jar:/home/matteus/.m2/repository/org/glassfish/hk2/osgi-resource-locator/1.0.3/osgi-resource-locator-1.0.3.jar:/home/matteus/.m2/repository/com/sun/activation/jakarta.activation/1.2.2/jakarta.activation-1.2.2.jar:/home/matteus/.m2/repository/org/glassfish/jersey/ext/jersey-bean-validation/2.31/jersey-bean-validation-2.31.jar:/home/matteus/.m2/repository/org/hibernate/validator/hibernate-validator/6.1.5.Final/hibernate-validator-6.1.5.Final.jar:/home/matteus/.m2/repository/org/jboss/logging/jboss-logging/3.3.2.Final/jboss-logging-3.3.2.Final.jar:/home/matteus/.m2/repository/org/slf4j/slf4j-api/1.7.30/slf4j-api-1.7.30.jar:"/>
    <property name="sun.cpu.endian" value="little"/>
    <property name="user.home" value="/home/matteus"/>
    <property name="user.language" value="en"/>
    <property name="java.specification.vendor" value="Oracle Corporation"/>
    <property name="java.version.date" value="2020-07-14"/>
    <property name="java.home" value="/usr/lib/jvm/java-11-openjdk-amd64"/>
    <property name="file.separator" value="/"/>
    <property name="basedir" value="/home/matteus/Workspace/studies/dropwizard-api"/>
    <property name="java.vm.compressedOopsMode" value="Zero based"/>
    <property name="line.separator" value="&#10;"/>
    <property name="java.specification.name" value="Java Platform API Specification"/>
    <property name="java.vm.specification.vendor" value="Oracle Corporation"/>
    <property name="java.awt.graphicsenv" value="sun.awt.X11GraphicsEnvironment"/>
    <property name="surefire.real.class.path" value="/home/matteus/Workspace/studies/dropwizard-api/target/surefire/surefirebooter10732102510369761168.jar"/>
    <property name="sun.management.compiler" value="HotSpot 64-Bit Tiered Compilers"/>
    <property name="java.runtime.version" value="11.0.8+10-post-Ubuntu-0ubuntu118.04.1"/>
    <property name="user.name" value="matteus"/>
    <property name="path.separator" value=":"/>
    <property name="os.version" value="5.4.0-45-generic"/>
    <property name="java.runtime.name" value="OpenJDK Runtime Environment"/>
    <property name="file.encoding" value="UTF-8"/>
    <property name="java.vm.name" value="OpenJDK 64-Bit Server VM"/>
    <property name="localRepository" value="/home/matteus/.m2/repository"/>
    <property name="java.vendor.url.bug" value="https://bugs.launchpad.net/ubuntu/+source/openjdk-lts"/>
    <property name="java.io.tmpdir" value="/tmp"/>
    <property name="java.version" value="11.0.8"/>
    <property name="user.dir" value="/home/matteus/Workspace/studies/dropwizard-api"/>
    <property name="os.arch" value="amd64"/>
    <property name="java.vm.specification.name" value="Java Virtual Machine Specification"/>
    <property name="java.awt.printerjob" value="sun.print.PSPrinterJob"/>
    <property name="user.language.format" value="pt"/>
    <property name="sun.os.patch.level" value="unknown"/>
    <property name="java.library.path" value="/usr/java/packages/lib:/usr/lib/x86_64-linux-gnu/jni:/lib/x86_64-linux-gnu:/usr/lib/x86_64-linux-gnu:/usr/lib/jni:/lib:/usr/lib"/>
    <property name="java.vm.info" value="mixed mode, sharing"/>
    <property name="java.vendor" value="Ubuntu"/>
    <property name="java.vm.version" value="11.0.8+10-post-Ubuntu-0ubuntu118.04.1"/>
    <property name="sun.io.unicode.encoding" value="UnicodeLittle"/>
    <property name="java.class.version" value="55.0"/>
  </properties>
  <testcase name="shouldAnswerWithTrue" classname="com.mycompany.dropwizard.AppTest" time="0.002"/>
</testsuite>